#
# There is insufficient memory for the Java Runtime Environment to continue.
# Native memory allocation (malloc) failed to allocate 1226816 bytes for Chunk::new
# Possible reasons:
#   The system is out of physical RAM or swap space
#   The process is running with CompressedOops enabled, and the Java Heap may be blocking the growth of the native heap
# Possible solutions:
#   Reduce memory load on the system
#   Increase physical memory or swap space
#   Check if swap backing store is full
#   Decrease Java heap size (-Xmx/-Xms)
#   Decrease number of Java threads
#   Decrease Java thread stack sizes (-Xss)
#   Set larger code cache with -XX:ReservedCodeCacheSize=
#   JVM is running with Unscaled Compressed Oops mode in which the Java heap is
#     placed in the first 4GB address space. The Java Heap base address is the
#     maximum limit for the native heap growth. Please use -XX:HeapBaseMinAddress
#     to set the Java Heap base and to place the Java Heap above 4GB virtual address.
# This output file may be truncated or incomplete.
#
#  Out of Memory Error (./open/src/hotspot/share/memory/arena.cpp:197), pid=28560, tid=988
#
# JRE version: Java(TM) SE Runtime Environment 18.9 (11.0.19+9) (build 11.0.19+9-LTS-224)
# Java VM: Java HotSpot(TM) 64-Bit Server VM 18.9 (11.0.19+9-LTS-224, mixed mode, tiered, compressed oops, g1 gc, windows-amd64)
# No core dump will be written. Minidumps are not enabled by default on client versions of Windows
#

---------------  S U M M A R Y ------------

Command Line: C:\Users\pedro\AppData\Local\Temp\surefire6712933814265001433\surefirebooter15984716491245419301.jar C:\Users\pedro\AppData\Local\Temp\surefire6712933814265001433 2023-12-30T22-34-35_661-jvmRun1 surefire469910622851830287tmp surefire_03528695317554924053tmp

Host: AMD Ryzen 7 5700U with Radeon Graphics         , 16 cores, 5G,  Windows 11 , 64 bit Build 22621 (10.0.22621.2506)
Time: Sat Dec 30 22:34:56 2023 Hora oficial do Brasil elapsed time: 16.454211 seconds (0d 0h 0m 16s)

---------------  T H R E A D  ---------------

Current thread (0x00000295594d6000):  JavaThread "C2 CompilerThread0" daemon [_thread_in_native, id=988, stack(0x000000eb44d00000,0x000000eb44e00000)]


Current CompileTask:
C2:  16454 6734       4       org.springframework.boot.context.properties.source.ConfigurationPropertyName$ElementsParser::parse (234 bytes)

Stack: [0x000000eb44d00000,0x000000eb44e00000]
Native frames: (J=compiled Java code, j=interpreted, Vv=VM code, C=native code)
V  [jvm.dll+0x65fe1a]
V  [jvm.dll+0x7a2bbf]
V  [jvm.dll+0x7a4289]
V  [jvm.dll+0x7a4923]
V  [jvm.dll+0x258a25]
V  [jvm.dll+0xb29cc]
V  [jvm.dll+0xb2f8c]
V  [jvm.dll+0x2ca132]
V  [jvm.dll+0x56f1dc]
V  [jvm.dll+0x210f07]
V  [jvm.dll+0x213629]
V  [jvm.dll+0x2105e4]
V  [jvm.dll+0x18c841]
V  [jvm.dll+0x220989]
V  [jvm.dll+0x21ecac]
V  [jvm.dll+0x766921]
V  [jvm.dll+0x75f2e4]
V  [jvm.dll+0x65ecc5]
C  [ucrtbase.dll+0x29363]
C  [KERNEL32.DLL+0x1257d]
C  [ntdll.dll+0x5aa58]


---------------  P R O C E S S  ---------------

Threads class SMR info:
_java_thread_list=0x000002956023bec0, length=16, elements={
0x000002953bdd7800, 0x00000295594b5800, 0x00000295594bf000, 0x00000295594d1000,
0x00000295594d2000, 0x00000295594d3000, 0x00000295594d6000, 0x00000295594d7800,
0x00000295594d8800, 0x0000029559fbd800, 0x000002955a096000, 0x000002955a162000,
0x000002955e8e1800, 0x000002955e634800, 0x000002955e902800, 0x000002955e907000
}

Java Threads: ( => current thread )
  0x000002953bdd7800 JavaThread "main" [_thread_in_Java, id=19672, stack(0x000000eb44100000,0x000000eb44200000)]
  0x00000295594b5800 JavaThread "Reference Handler" daemon [_thread_blocked, id=8540, stack(0x000000eb44800000,0x000000eb44900000)]
  0x00000295594bf000 JavaThread "Finalizer" daemon [_thread_blocked, id=25680, stack(0x000000eb44900000,0x000000eb44a00000)]
  0x00000295594d1000 JavaThread "Signal Dispatcher" daemon [_thread_blocked, id=27956, stack(0x000000eb44a00000,0x000000eb44b00000)]
  0x00000295594d2000 JavaThread "Attach Listener" daemon [_thread_blocked, id=24732, stack(0x000000eb44b00000,0x000000eb44c00000)]
  0x00000295594d3000 JavaThread "Service Thread" daemon [_thread_blocked, id=28848, stack(0x000000eb44c00000,0x000000eb44d00000)]
=>0x00000295594d6000 JavaThread "C2 CompilerThread0" daemon [_thread_in_native, id=988, stack(0x000000eb44d00000,0x000000eb44e00000)]
  0x00000295594d7800 JavaThread "C1 CompilerThread0" daemon [_thread_blocked, id=2232, stack(0x000000eb44e00000,0x000000eb44f00000)]
  0x00000295594d8800 JavaThread "Sweeper thread" daemon [_thread_blocked, id=30332, stack(0x000000eb44f00000,0x000000eb45000000)]
  0x0000029559fbd800 JavaThread "Common-Cleaner" daemon [_thread_blocked, id=20692, stack(0x000000eb45100000,0x000000eb45200000)]
  0x000002955a096000 JavaThread "surefire-forkedjvm-command-thread" daemon [_thread_in_native, id=29168, stack(0x000000eb45200000,0x000000eb45300000)]
  0x000002955a162000 JavaThread "surefire-forkedjvm-ping-30s" daemon [_thread_blocked, id=21932, stack(0x000000eb45300000,0x000000eb45400000)]
  0x000002955e8e1800 JavaThread "HikariPool-1 housekeeper" daemon [_thread_blocked, id=23580, stack(0x000000eb45a00000,0x000000eb45b00000)]
  0x000002955e634800 JavaThread "C1 CompilerThread1" daemon [_thread_blocked, id=8116, stack(0x000000eb45700000,0x000000eb45800000)]
  0x000002955e902800 JavaThread "HikariPool-2 housekeeper" daemon [_thread_blocked, id=24052, stack(0x000000eb45b00000,0x000000eb45c00000)]
  0x000002955e907000 JavaThread "HikariPool-2 connection adder" daemon [_thread_blocked, id=13548, stack(0x000000eb45c00000,0x000000eb45d00000)]

Other Threads:
  0x0000029559492000 VMThread "VM Thread" [stack: 0x000000eb44700000,0x000000eb44800000] [id=29540]
  0x0000029559fba800 WatcherThread [stack: 0x000000eb45000000,0x000000eb45100000] [id=26988]
  0x000002953bdeb800 GCTaskThread "GC Thread#0" [stack: 0x000000eb44200000,0x000000eb44300000] [id=7100]
  0x000002955a908800 GCTaskThread "GC Thread#1" [stack: 0x000000eb45400000,0x000000eb45500000] [id=21860]
  0x000002955c7c5000 GCTaskThread "GC Thread#2" [stack: 0x000000eb45800000,0x000000eb45900000] [id=6264]
  0x000002955c394000 GCTaskThread "GC Thread#3" [stack: 0x000000eb45900000,0x000000eb45a00000] [id=21656]
  0x000002953be15000 ConcurrentGCThread "G1 Main Marker" [stack: 0x000000eb44300000,0x000000eb44400000] [id=9456]
  0x000002953be16800 ConcurrentGCThread "G1 Conc#0" [stack: 0x000000eb44400000,0x000000eb44500000] [id=4568]
  0x000002955b14c800 ConcurrentGCThread "G1 Conc#1" [stack: 0x000000eb45500000,0x000000eb45600000] [id=26932]
  0x000002955bbd1800 ConcurrentGCThread "G1 Conc#2" [stack: 0x000000eb45600000,0x000000eb45700000] [id=25200]
  0x000002953bea2800 ConcurrentGCThread "G1 Refine#0" [stack: 0x000000eb44500000,0x000000eb44600000] [id=28852]
  0x0000029559300800 ConcurrentGCThread "G1 Young RemSet Sampling" [stack: 0x000000eb44600000,0x000000eb44700000] [id=2056]

Threads with active compile tasks:
C2 CompilerThread0    16514 6734       4       org.springframework.boot.context.properties.source.ConfigurationPropertyName$ElementsParser::parse (234 bytes)

VM state:not at safepoint (normal execution)

VM Mutex/Monitor currently owned by a thread: None

Heap address: 0x00000000a2200000, size: 1502 MB, Compressed Oops mode: 32-bit
Narrow klass base: 0x0000000000000000, Narrow klass shift: 3
Compressed class space size: 1073741824 Address: 0x0000000100000000

Heap:
 garbage-first heap   total 143360K, used 53171K [0x00000000a2200000, 0x0000000100000000)
  region size 1024K, 23 young (23552K), 6 survivors (6144K)
 Metaspace       used 71014K, capacity 73023K, committed 73296K, reserved 1112064K
  class space    used 9017K, capacity 9837K, committed 9904K, reserved 1048576K
Heap Regions: E=young(eden), S=young(survivor), O=old, HS=humongous(starts), HC=humongous(continues), CS=collection set, F=free, A=archive, TAMS=top-at-mark-start (previous, next)
|   0|0x00000000a2200000, 0x00000000a2300000, 0x00000000a2300000|100%|HS|  |TAMS 0x00000000a2300000, 0x00000000a2200000| Complete 
|   1|0x00000000a2300000, 0x00000000a2400000, 0x00000000a2400000|100%| O|  |TAMS 0x00000000a2400000, 0x00000000a2300000| Untracked 
|   2|0x00000000a2400000, 0x00000000a2500000, 0x00000000a2500000|100%| O|  |TAMS 0x00000000a2500000, 0x00000000a2400000| Untracked 
|   3|0x00000000a2500000, 0x00000000a2600000, 0x00000000a2600000|100%| O|  |TAMS 0x00000000a2600000, 0x00000000a2500000| Untracked 
|   4|0x00000000a2600000, 0x00000000a2700000, 0x00000000a2700000|100%| O|  |TAMS 0x00000000a2700000, 0x00000000a2600000| Untracked 
|   5|0x00000000a2700000, 0x00000000a2800000, 0x00000000a2800000|100%| O|  |TAMS 0x00000000a2800000, 0x00000000a2700000| Untracked 
|   6|0x00000000a2800000, 0x00000000a2900000, 0x00000000a2900000|100%| O|  |TAMS 0x00000000a2900000, 0x00000000a2800000| Untracked 
|   7|0x00000000a2900000, 0x00000000a2a00000, 0x00000000a2a00000|100%| O|  |TAMS 0x00000000a2a00000, 0x00000000a2900000| Untracked 
|   8|0x00000000a2a00000, 0x00000000a2b00000, 0x00000000a2b00000|100%| O|  |TAMS 0x00000000a2b00000, 0x00000000a2a00000| Untracked 
|   9|0x00000000a2b00000, 0x00000000a2c00000, 0x00000000a2c00000|100%| O|  |TAMS 0x00000000a2c00000, 0x00000000a2b00000| Untracked 
|  10|0x00000000a2c00000, 0x00000000a2d00000, 0x00000000a2d00000|100%| O|  |TAMS 0x00000000a2d00000, 0x00000000a2c00000| Untracked 
|  11|0x00000000a2d00000, 0x00000000a2e00000, 0x00000000a2e00000|100%| O|  |TAMS 0x00000000a2e00000, 0x00000000a2d00000| Untracked 
|  12|0x00000000a2e00000, 0x00000000a2f00000, 0x00000000a2f00000|100%| O|  |TAMS 0x00000000a2f00000, 0x00000000a2e00000| Untracked 
|  13|0x00000000a2f00000, 0x00000000a3000000, 0x00000000a3000000|100%| O|  |TAMS 0x00000000a3000000, 0x00000000a2f00000| Untracked 
|  14|0x00000000a3000000, 0x00000000a3100000, 0x00000000a3100000|100%| O|  |TAMS 0x00000000a3100000, 0x00000000a3000000| Untracked 
|  15|0x00000000a3100000, 0x00000000a3200000, 0x00000000a3200000|100%| O|  |TAMS 0x00000000a3200000, 0x00000000a3100000| Untracked 
|  16|0x00000000a3200000, 0x00000000a3300000, 0x00000000a3300000|100%| O|  |TAMS 0x00000000a3300000, 0x00000000a3200000| Untracked 
|  17|0x00000000a3300000, 0x00000000a3400000, 0x00000000a3400000|100%| O|  |TAMS 0x00000000a3400000, 0x00000000a3300000| Untracked 
|  18|0x00000000a3400000, 0x00000000a3500000, 0x00000000a3500000|100%| O|  |TAMS 0x00000000a3500000, 0x00000000a3400000| Untracked 
|  19|0x00000000a3500000, 0x00000000a3600000, 0x00000000a3600000|100%| O|  |TAMS 0x00000000a3591600, 0x00000000a3500000| Untracked 
|  20|0x00000000a3600000, 0x00000000a3700000, 0x00000000a3700000|100%| O|  |TAMS 0x00000000a3600000, 0x00000000a3600000| Untracked 
|  21|0x00000000a3700000, 0x00000000a3800000, 0x00000000a3800000|100%| O|  |TAMS 0x00000000a3700000, 0x00000000a3700000| Untracked 
|  22|0x00000000a3800000, 0x00000000a3900000, 0x00000000a3900000|100%| O|  |TAMS 0x00000000a3800000, 0x00000000a3800000| Untracked 
|  23|0x00000000a3900000, 0x00000000a398c200, 0x00000000a3a00000| 54%| O|  |TAMS 0x00000000a3900000, 0x00000000a3900000| Untracked 
|  24|0x00000000a3a00000, 0x00000000a3b00000, 0x00000000a3b00000|100%| O|  |TAMS 0x00000000a3a00000, 0x00000000a3a00000| Untracked 
|  25|0x00000000a3b00000, 0x00000000a3c00000, 0x00000000a3c00000|100%| O|  |TAMS 0x00000000a3b00000, 0x00000000a3b00000| Untracked 
|  26|0x00000000a3c00000, 0x00000000a3d00000, 0x00000000a3d00000|100%| O|  |TAMS 0x00000000a3c00000, 0x00000000a3c00000| Untracked 
|  27|0x00000000a3d00000, 0x00000000a3e00000, 0x00000000a3e00000|100%| O|  |TAMS 0x00000000a3d00000, 0x00000000a3d00000| Untracked 
|  28|0x00000000a3e00000, 0x00000000a3f00000, 0x00000000a3f00000|100%| O|  |TAMS 0x00000000a3e00000, 0x00000000a3e00000| Untracked 
|  29|0x00000000a3f00000, 0x00000000a4000000, 0x00000000a4000000|100%| O|  |TAMS 0x00000000a3f00000, 0x00000000a3f00000| Untracked 
|  30|0x00000000a4000000, 0x00000000a4100000, 0x00000000a4100000|100%| O|  |TAMS 0x00000000a4000000, 0x00000000a4000000| Untracked 
|  31|0x00000000a4100000, 0x00000000a4100000, 0x00000000a4200000|  0%| F|  |TAMS 0x00000000a4100000, 0x00000000a4100000| Untracked 
|  32|0x00000000a4200000, 0x00000000a4200000, 0x00000000a4300000|  0%| F|  |TAMS 0x00000000a4200000, 0x00000000a4200000| Untracked 
|  33|0x00000000a4300000, 0x00000000a4300000, 0x00000000a4400000|  0%| F|  |TAMS 0x00000000a4300000, 0x00000000a4300000| Untracked 
|  34|0x00000000a4400000, 0x00000000a4400000, 0x00000000a4500000|  0%| F|  |TAMS 0x00000000a4400000, 0x00000000a4400000| Untracked 
|  35|0x00000000a4500000, 0x00000000a4500000, 0x00000000a4600000|  0%| F|  |TAMS 0x00000000a4500000, 0x00000000a4500000| Untracked 
|  36|0x00000000a4600000, 0x00000000a4600000, 0x00000000a4700000|  0%| F|  |TAMS 0x00000000a4600000, 0x00000000a4600000| Untracked 
|  37|0x00000000a4700000, 0x00000000a4700000, 0x00000000a4800000|  0%| F|  |TAMS 0x00000000a4700000, 0x00000000a4700000| Untracked 
|  38|0x00000000a4800000, 0x00000000a4800000, 0x00000000a4900000|  0%| F|  |TAMS 0x00000000a4800000, 0x00000000a4800000| Untracked 
|  39|0x00000000a4900000, 0x00000000a4900000, 0x00000000a4a00000|  0%| F|  |TAMS 0x00000000a4900000, 0x00000000a4900000| Untracked 
|  40|0x00000000a4a00000, 0x00000000a4a00000, 0x00000000a4b00000|  0%| F|  |TAMS 0x00000000a4a00000, 0x00000000a4a00000| Untracked 
|  41|0x00000000a4b00000, 0x00000000a4b00000, 0x00000000a4c00000|  0%| F|  |TAMS 0x00000000a4b00000, 0x00000000a4b00000| Untracked 
|  42|0x00000000a4c00000, 0x00000000a4c00000, 0x00000000a4d00000|  0%| F|  |TAMS 0x00000000a4c00000, 0x00000000a4c00000| Untracked 
|  43|0x00000000a4d00000, 0x00000000a4d00000, 0x00000000a4e00000|  0%| F|  |TAMS 0x00000000a4d00000, 0x00000000a4d00000| Untracked 
|  44|0x00000000a4e00000, 0x00000000a4e00000, 0x00000000a4f00000|  0%| F|  |TAMS 0x00000000a4e00000, 0x00000000a4e00000| Untracked 
|  45|0x00000000a4f00000, 0x00000000a4f00000, 0x00000000a5000000|  0%| F|  |TAMS 0x00000000a4f00000, 0x00000000a4f00000| Untracked 
|  46|0x00000000a5000000, 0x00000000a5000000, 0x00000000a5100000|  0%| F|  |TAMS 0x00000000a5000000, 0x00000000a5000000| Untracked 
|  47|0x00000000a5100000, 0x00000000a5100000, 0x00000000a5200000|  0%| F|  |TAMS 0x00000000a5100000, 0x00000000a5100000| Untracked 
|  48|0x00000000a5200000, 0x00000000a5200000, 0x00000000a5300000|  0%| F|  |TAMS 0x00000000a5200000, 0x00000000a5200000| Untracked 
|  49|0x00000000a5300000, 0x00000000a5300000, 0x00000000a5400000|  0%| F|  |TAMS 0x00000000a5300000, 0x00000000a5300000| Untracked 
|  50|0x00000000a5400000, 0x00000000a5400000, 0x00000000a5500000|  0%| F|  |TAMS 0x00000000a5400000, 0x00000000a5400000| Untracked 
|  51|0x00000000a5500000, 0x00000000a5560ce0, 0x00000000a5600000| 37%| S|CS|TAMS 0x00000000a5500000, 0x00000000a5500000| Complete 
|  52|0x00000000a5600000, 0x00000000a5700000, 0x00000000a5700000|100%| S|CS|TAMS 0x00000000a5600000, 0x00000000a5600000| Complete 
|  53|0x00000000a5700000, 0x00000000a5800000, 0x00000000a5800000|100%| S|CS|TAMS 0x00000000a5700000, 0x00000000a5700000| Complete 
|  54|0x00000000a5800000, 0x00000000a5800000, 0x00000000a5900000|  0%| F|  |TAMS 0x00000000a5800000, 0x00000000a5800000| Untracked 
|  55|0x00000000a5900000, 0x00000000a5900000, 0x00000000a5a00000|  0%| F|  |TAMS 0x00000000a5900000, 0x00000000a5900000| Untracked 
|  56|0x00000000a5a00000, 0x00000000a5a00000, 0x00000000a5b00000|  0%| F|  |TAMS 0x00000000a5a00000, 0x00000000a5a00000| Untracked 
|  57|0x00000000a5b00000, 0x00000000a5b00000, 0x00000000a5c00000|  0%| F|  |TAMS 0x00000000a5b00000, 0x00000000a5b00000| Untracked 
|  58|0x00000000a5c00000, 0x00000000a5c00000, 0x00000000a5d00000|  0%| F|  |TAMS 0x00000000a5c00000, 0x00000000a5c00000| Untracked 
|  59|0x00000000a5d00000, 0x00000000a5e00000, 0x00000000a5e00000|100%| S|CS|TAMS 0x00000000a5d00000, 0x00000000a5d00000| Complete 
|  60|0x00000000a5e00000, 0x00000000a5f00000, 0x00000000a5f00000|100%| S|CS|TAMS 0x00000000a5e00000, 0x00000000a5e00000| Complete 
|  61|0x00000000a5f00000, 0x00000000a6000000, 0x00000000a6000000|100%| S|CS|TAMS 0x00000000a5f00000, 0x00000000a5f00000| Complete 
|  62|0x00000000a6000000, 0x00000000a6000000, 0x00000000a6100000|  0%| F|  |TAMS 0x00000000a6000000, 0x00000000a6000000| Untracked 
|  63|0x00000000a6100000, 0x00000000a6100000, 0x00000000a6200000|  0%| F|  |TAMS 0x00000000a6100000, 0x00000000a6100000| Untracked 
|  64|0x00000000a6200000, 0x00000000a6200000, 0x00000000a6300000|  0%| F|  |TAMS 0x00000000a6200000, 0x00000000a6200000| Untracked 
|  65|0x00000000a6300000, 0x00000000a6300000, 0x00000000a6400000|  0%| F|  |TAMS 0x00000000a6300000, 0x00000000a6300000| Untracked 
|  66|0x00000000a6400000, 0x00000000a6400000, 0x00000000a6500000|  0%| F|  |TAMS 0x00000000a6400000, 0x00000000a6400000| Untracked 
|  67|0x00000000a6500000, 0x00000000a6500000, 0x00000000a6600000|  0%| F|  |TAMS 0x00000000a6500000, 0x00000000a6500000| Untracked 
|  68|0x00000000a6600000, 0x00000000a6600000, 0x00000000a6700000|  0%| F|  |TAMS 0x00000000a6600000, 0x00000000a6600000| Untracked 
|  69|0x00000000a6700000, 0x00000000a6700000, 0x00000000a6800000|  0%| F|  |TAMS 0x00000000a6700000, 0x00000000a6700000| Untracked 
|  70|0x00000000a6800000, 0x00000000a6800000, 0x00000000a6900000|  0%| F|  |TAMS 0x00000000a6800000, 0x00000000a6800000| Untracked 
|  71|0x00000000a6900000, 0x00000000a6900000, 0x00000000a6a00000|  0%| F|  |TAMS 0x00000000a6900000, 0x00000000a6900000| Untracked 
|  72|0x00000000a6a00000, 0x00000000a6a00000, 0x00000000a6b00000|  0%| F|  |TAMS 0x00000000a6a00000, 0x00000000a6a00000| Untracked 
|  73|0x00000000a6b00000, 0x00000000a6b00000, 0x00000000a6c00000|  0%| F|  |TAMS 0x00000000a6b00000, 0x00000000a6b00000| Untracked 
|  74|0x00000000a6c00000, 0x00000000a6c00000, 0x00000000a6d00000|  0%| F|  |TAMS 0x00000000a6c00000, 0x00000000a6c00000| Untracked 
|  75|0x00000000a6d00000, 0x00000000a6d00000, 0x00000000a6e00000|  0%| F|  |TAMS 0x00000000a6d00000, 0x00000000a6d00000| Untracked 
|  76|0x00000000a6e00000, 0x00000000a6e00000, 0x00000000a6f00000|  0%| F|  |TAMS 0x00000000a6e00000, 0x00000000a6e00000| Untracked 
|  77|0x00000000a6f00000, 0x00000000a6f00000, 0x00000000a7000000|  0%| F|  |TAMS 0x00000000a6f00000, 0x00000000a6f00000| Untracked 
|  78|0x00000000a7000000, 0x00000000a7000000, 0x00000000a7100000|  0%| F|  |TAMS 0x00000000a7000000, 0x00000000a7000000| Untracked 
|  79|0x00000000a7100000, 0x00000000a7100000, 0x00000000a7200000|  0%| F|  |TAMS 0x00000000a7100000, 0x00000000a7100000| Untracked 
|  80|0x00000000a7200000, 0x00000000a7200000, 0x00000000a7300000|  0%| F|  |TAMS 0x00000000a7200000, 0x00000000a7200000| Untracked 
|  81|0x00000000a7300000, 0x00000000a7300000, 0x00000000a7400000|  0%| F|  |TAMS 0x00000000a7300000, 0x00000000a7300000| Untracked 
|  82|0x00000000a7400000, 0x00000000a7400000, 0x00000000a7500000|  0%| F|  |TAMS 0x00000000a7400000, 0x00000000a7400000| Untracked 
|  83|0x00000000a7500000, 0x00000000a7500000, 0x00000000a7600000|  0%| F|  |TAMS 0x00000000a7500000, 0x00000000a7500000| Untracked 
|  84|0x00000000a7600000, 0x00000000a7600000, 0x00000000a7700000|  0%| F|  |TAMS 0x00000000a7600000, 0x00000000a7600000| Untracked 
|  85|0x00000000a7700000, 0x00000000a7700000, 0x00000000a7800000|  0%| F|  |TAMS 0x00000000a7700000, 0x00000000a7700000| Untracked 
|  86|0x00000000a7800000, 0x00000000a7800000, 0x00000000a7900000|  0%| F|  |TAMS 0x00000000a7800000, 0x00000000a7800000| Untracked 
|  87|0x00000000a7900000, 0x00000000a7900000, 0x00000000a7a00000|  0%| F|  |TAMS 0x00000000a7900000, 0x00000000a7900000| Untracked 
|  88|0x00000000a7a00000, 0x00000000a7a00000, 0x00000000a7b00000|  0%| F|  |TAMS 0x00000000a7a00000, 0x00000000a7a00000| Untracked 
|  89|0x00000000a7b00000, 0x00000000a7b00000, 0x00000000a7c00000|  0%| F|  |TAMS 0x00000000a7b00000, 0x00000000a7b00000| Untracked 
|  90|0x00000000a7c00000, 0x00000000a7c00000, 0x00000000a7d00000|  0%| F|  |TAMS 0x00000000a7c00000, 0x00000000a7c00000| Untracked 
|  91|0x00000000a7d00000, 0x00000000a7d00000, 0x00000000a7e00000|  0%| F|  |TAMS 0x00000000a7d00000, 0x00000000a7d00000| Untracked 
|  92|0x00000000a7e00000, 0x00000000a7e00000, 0x00000000a7f00000|  0%| F|  |TAMS 0x00000000a7e00000, 0x00000000a7e00000| Untracked 
|  93|0x00000000a7f00000, 0x00000000a7f00000, 0x00000000a8000000|  0%| F|  |TAMS 0x00000000a7f00000, 0x00000000a7f00000| Untracked 
|  94|0x00000000a8000000, 0x00000000a8000000, 0x00000000a8100000|  0%| F|  |TAMS 0x00000000a8000000, 0x00000000a8000000| Untracked 
|  95|0x00000000a8100000, 0x00000000a8100000, 0x00000000a8200000|  0%| F|  |TAMS 0x00000000a8100000, 0x00000000a8100000| Untracked 
|  96|0x00000000a8200000, 0x00000000a8200000, 0x00000000a8300000|  0%| F|  |TAMS 0x00000000a8200000, 0x00000000a8200000| Untracked 
|  97|0x00000000a8300000, 0x00000000a8300000, 0x00000000a8400000|  0%| F|  |TAMS 0x00000000a8300000, 0x00000000a8300000| Untracked 
|  98|0x00000000a8400000, 0x00000000a8400000, 0x00000000a8500000|  0%| F|  |TAMS 0x00000000a8400000, 0x00000000a8400000| Untracked 
|  99|0x00000000a8500000, 0x00000000a8500000, 0x00000000a8600000|  0%| F|  |TAMS 0x00000000a8500000, 0x00000000a8500000| Untracked 
| 100|0x00000000a8600000, 0x00000000a8600000, 0x00000000a8700000|  0%| F|  |TAMS 0x00000000a8600000, 0x00000000a8600000| Untracked 
| 101|0x00000000a8700000, 0x00000000a8700000, 0x00000000a8800000|  0%| F|  |TAMS 0x00000000a8700000, 0x00000000a8700000| Untracked 
| 102|0x00000000a8800000, 0x00000000a8800000, 0x00000000a8900000|  0%| F|  |TAMS 0x00000000a8800000, 0x00000000a8800000| Untracked 
| 103|0x00000000a8900000, 0x00000000a8900000, 0x00000000a8a00000|  0%| F|  |TAMS 0x00000000a8900000, 0x00000000a8900000| Untracked 
| 104|0x00000000a8a00000, 0x00000000a8a00000, 0x00000000a8b00000|  0%| F|  |TAMS 0x00000000a8a00000, 0x00000000a8a00000| Untracked 
| 105|0x00000000a8b00000, 0x00000000a8b00000, 0x00000000a8c00000|  0%| F|  |TAMS 0x00000000a8b00000, 0x00000000a8b00000| Untracked 
| 106|0x00000000a8c00000, 0x00000000a8c00000, 0x00000000a8d00000|  0%| F|  |TAMS 0x00000000a8c00000, 0x00000000a8c00000| Untracked 
| 107|0x00000000a8d00000, 0x00000000a8d00000, 0x00000000a8e00000|  0%| F|  |TAMS 0x00000000a8d00000, 0x00000000a8d00000| Untracked 
| 108|0x00000000a8e00000, 0x00000000a8e00000, 0x00000000a8f00000|  0%| F|  |TAMS 0x00000000a8e00000, 0x00000000a8e00000| Untracked 
| 109|0x00000000a8f00000, 0x00000000a8f00000, 0x00000000a9000000|  0%| F|  |TAMS 0x00000000a8f00000, 0x00000000a8f00000| Untracked 
| 110|0x00000000a9000000, 0x00000000a9000000, 0x00000000a9100000|  0%| F|  |TAMS 0x00000000a9000000, 0x00000000a9000000| Untracked 
| 111|0x00000000a9100000, 0x00000000a9100000, 0x00000000a9200000|  0%| F|  |TAMS 0x00000000a9100000, 0x00000000a9100000| Untracked 
| 112|0x00000000a9200000, 0x00000000a9200000, 0x00000000a9300000|  0%| F|  |TAMS 0x00000000a9200000, 0x00000000a9200000| Untracked 
| 113|0x00000000a9300000, 0x00000000a9300000, 0x00000000a9400000|  0%| F|  |TAMS 0x00000000a9300000, 0x00000000a9300000| Untracked 
| 114|0x00000000a9400000, 0x00000000a9400000, 0x00000000a9500000|  0%| F|  |TAMS 0x00000000a9400000, 0x00000000a9400000| Untracked 
| 115|0x00000000a9500000, 0x00000000a9500000, 0x00000000a9600000|  0%| F|  |TAMS 0x00000000a9500000, 0x00000000a9500000| Untracked 
| 116|0x00000000a9600000, 0x00000000a9600000, 0x00000000a9700000|  0%| F|  |TAMS 0x00000000a9600000, 0x00000000a9600000| Untracked 
| 117|0x00000000a9700000, 0x00000000a9700000, 0x00000000a9800000|  0%| F|  |TAMS 0x00000000a9700000, 0x00000000a9700000| Untracked 
| 118|0x00000000a9800000, 0x00000000a9800000, 0x00000000a9900000|  0%| F|  |TAMS 0x00000000a9800000, 0x00000000a9800000| Untracked 
| 119|0x00000000a9900000, 0x00000000a9900000, 0x00000000a9a00000|  0%| F|  |TAMS 0x00000000a9900000, 0x00000000a9900000| Untracked 
| 120|0x00000000a9a00000, 0x00000000a9a00000, 0x00000000a9b00000|  0%| F|  |TAMS 0x00000000a9a00000, 0x00000000a9a00000| Untracked 
| 121|0x00000000a9b00000, 0x00000000a9b00000, 0x00000000a9c00000|  0%| F|  |TAMS 0x00000000a9b00000, 0x00000000a9b00000| Untracked 
| 122|0x00000000a9c00000, 0x00000000a9c00000, 0x00000000a9d00000|  0%| F|  |TAMS 0x00000000a9c00000, 0x00000000a9c00000| Untracked 
| 123|0x00000000a9d00000, 0x00000000a9e00000, 0x00000000a9e00000|100%| E|  |TAMS 0x00000000a9d00000, 0x00000000a9d00000| Complete 
| 124|0x00000000a9e00000, 0x00000000a9f00000, 0x00000000a9f00000|100%| E|CS|TAMS 0x00000000a9e00000, 0x00000000a9e00000| Complete 
| 125|0x00000000a9f00000, 0x00000000aa000000, 0x00000000aa000000|100%| E|CS|TAMS 0x00000000a9f00000, 0x00000000a9f00000| Complete 
| 126|0x00000000aa000000, 0x00000000aa100000, 0x00000000aa100000|100%| E|CS|TAMS 0x00000000aa000000, 0x00000000aa000000| Complete 
| 127|0x00000000aa100000, 0x00000000aa200000, 0x00000000aa200000|100%| E|CS|TAMS 0x00000000aa100000, 0x00000000aa100000| Complete 
| 128|0x00000000aa200000, 0x00000000aa300000, 0x00000000aa300000|100%| E|CS|TAMS 0x00000000aa200000, 0x00000000aa200000| Complete 
| 129|0x00000000aa300000, 0x00000000aa400000, 0x00000000aa400000|100%| E|CS|TAMS 0x00000000aa300000, 0x00000000aa300000| Complete 
| 130|0x00000000aa400000, 0x00000000aa500000, 0x00000000aa500000|100%| E|CS|TAMS 0x00000000aa400000, 0x00000000aa400000| Complete 
| 131|0x00000000aa500000, 0x00000000aa600000, 0x00000000aa600000|100%| E|CS|TAMS 0x00000000aa500000, 0x00000000aa500000| Complete 
| 132|0x00000000aa600000, 0x00000000aa700000, 0x00000000aa700000|100%| E|CS|TAMS 0x00000000aa600000, 0x00000000aa600000| Complete 
| 133|0x00000000aa700000, 0x00000000aa800000, 0x00000000aa800000|100%| E|CS|TAMS 0x00000000aa700000, 0x00000000aa700000| Complete 
| 134|0x00000000aa800000, 0x00000000aa900000, 0x00000000aa900000|100%| E|CS|TAMS 0x00000000aa800000, 0x00000000aa800000| Complete 
| 135|0x00000000aa900000, 0x00000000aaa00000, 0x00000000aaa00000|100%| E|CS|TAMS 0x00000000aa900000, 0x00000000aa900000| Complete 
| 136|0x00000000aaa00000, 0x00000000aab00000, 0x00000000aab00000|100%| E|CS|TAMS 0x00000000aaa00000, 0x00000000aaa00000| Complete 
| 137|0x00000000aab00000, 0x00000000aac00000, 0x00000000aac00000|100%| E|CS|TAMS 0x00000000aab00000, 0x00000000aab00000| Complete 
| 138|0x00000000aac00000, 0x00000000aad00000, 0x00000000aad00000|100%| E|CS|TAMS 0x00000000aac00000, 0x00000000aac00000| Complete 
| 139|0x00000000aad00000, 0x00000000aae00000, 0x00000000aae00000|100%| E|CS|TAMS 0x00000000aad00000, 0x00000000aad00000| Complete 

Card table byte_map: [0x0000029553040000,0x0000029553330000] _byte_map_base: 0x0000029552b2f000

Marking Bits (Prev, Next): (CMBitMap*) 0x000002953be0d710, (CMBitMap*) 0x000002953be0d6d8
 Prev Bits: [0x0000029554da0000, 0x0000029556518000)
 Next Bits: [0x0000029553620000, 0x0000029554d98000)

Polling page: 0x0000029539d90000

Metaspace:

Usage:
  Non-class:     61.71 MB capacity,    60.54 MB ( 98%) used,   936.52 KB (  1%) free+waste,   252.00 KB ( <1%) overhead. 
      Class:      9.61 MB capacity,     8.81 MB ( 92%) used,   696.40 KB (  7%) free+waste,   123.12 KB (  1%) overhead. 
       Both:     71.31 MB capacity,    69.35 MB ( 97%) used,     1.59 MB (  2%) free+waste,   375.12 KB ( <1%) overhead. 

Virtual space:
  Non-class space:       62.00 MB reserved,      61.91 MB (>99%) committed 
      Class space:        1.00 GB reserved,       9.67 MB ( <1%) committed 
             Both:        1.06 GB reserved,      71.58 MB (  7%) committed 

Chunk freelists:
   Non-Class:  1.75 KB
       Class:  0 bytes
        Both:  1.75 KB

CodeHeap 'non-profiled nmethods': size=119168Kb used=3640Kb max_used=3640Kb free=115527Kb
 bounds [0x000002954b050000, 0x000002954b3e0000, 0x00000295524b0000]
CodeHeap 'profiled nmethods': size=119168Kb used=15674Kb max_used=15674Kb free=103493Kb
 bounds [0x0000029543bf0000, 0x0000029544b40000, 0x000002954b050000]
CodeHeap 'non-nmethods': size=7424Kb used=1800Kb max_used=1851Kb free=5623Kb
 bounds [0x00000295434b0000, 0x0000029543720000, 0x0000029543bf0000]
 total_blobs=7147 nmethods=6530 adapters=526
 compilation: enabled
              stopped_count=0, restarted_count=0
 full_count=0

Compilation events (10 events):
Event: 16.417 Thread 0x000002955e634800 6791       1       org.springframework.beans.factory.support.RootBeanDefinition::getPreferredConstructors (2 bytes)
Event: 16.417 Thread 0x000002955e634800 nmethod 6791 0x000002954b3dd110 code [0x000002954b3dd2a0, 0x000002954b3dd358]
Event: 16.422 Thread 0x00000295594d7800 6792   !   2       jdk.internal.loader.AbstractClassLoaderValue::get (21 bytes)
Event: 16.422 Thread 0x000002955e634800 6793       2       java.util.ServiceLoader$ModuleServicesLookupIterator::iteratorFor (191 bytes)
Event: 16.423 Thread 0x00000295594d7800 nmethod 6792 0x0000029544b36990 code [0x0000029544b36b60, 0x0000029544b36dc8]
Event: 16.424 Thread 0x000002955e634800 nmethod 6793 0x0000029544b36f90 code [0x0000029544b37320, 0x0000029544b38278]
Event: 16.426 Thread 0x00000295594d7800 6794       2       java.util.logging.Logger::isLoggable (27 bytes)
Event: 16.426 Thread 0x000002955e634800 6795       1       org.apache.catalina.LifecycleState::isAvailable (5 bytes)
Event: 16.426 Thread 0x000002955e634800 nmethod 6795 0x000002954b3dd410 code [0x000002954b3dd5a0, 0x000002954b3dd658]
Event: 16.426 Thread 0x00000295594d7800 nmethod 6794 0x0000029544b38e90 code [0x0000029544b39020, 0x0000029544b39158]

GC Heap History (10 events):
Event: 12.403 GC heap before
{Heap before GC invocations=16 (full 0):
 garbage-first heap   total 118784K, used 84288K [0x00000000a2200000, 0x0000000100000000)
  region size 1024K, 60 young (61440K), 8 survivors (8192K)
 Metaspace       used 64088K, capacity 65864K, committed 66000K, reserved 1105920K
  class space    used 8171K, capacity 8902K, committed 9008K, reserved 1048576K
}
Event: 12.416 GC heap after
{Heap after GC invocations=17 (full 0):
 garbage-first heap   total 118784K, used 35210K [0x00000000a2200000, 0x0000000100000000)
  region size 1024K, 6 young (6144K), 6 survivors (6144K)
 Metaspace       used 64088K, capacity 65864K, committed 66000K, reserved 1105920K
  class space    used 8171K, capacity 8902K, committed 9008K, reserved 1048576K
}
Event: 12.728 GC heap before
{Heap before GC invocations=17 (full 0):
 garbage-first heap   total 118784K, used 86410K [0x00000000a2200000, 0x0000000100000000)
  region size 1024K, 56 young (57344K), 6 survivors (6144K)
 Metaspace       used 64235K, capacity 65995K, committed 66256K, reserved 1105920K
  class space    used 8171K, capacity 8902K, committed 9008K, reserved 1048576K
}
Event: 12.736 GC heap after
{Heap after GC invocations=18 (full 0):
 garbage-first heap   total 118784K, used 36784K [0x00000000a2200000, 0x0000000100000000)
  region size 1024K, 7 young (7168K), 7 survivors (7168K)
 Metaspace       used 64235K, capacity 65995K, committed 66256K, reserved 1105920K
  class space    used 8171K, capacity 8902K, committed 9008K, reserved 1048576K
}
Event: 13.140 GC heap before
{Heap before GC invocations=18 (full 0):
 garbage-first heap   total 118784K, used 86960K [0x00000000a2200000, 0x0000000100000000)
  region size 1024K, 56 young (57344K), 7 survivors (7168K)
 Metaspace       used 65199K, capacity 67046K, committed 67408K, reserved 1107968K
  class space    used 8276K, capacity 9012K, committed 9136K, reserved 1048576K
}
Event: 13.147 GC heap after
{Heap after GC invocations=19 (full 0):
 garbage-first heap   total 118784K, used 31978K [0x00000000a2200000, 0x0000000100000000)
  region size 1024K, 3 young (3072K), 3 survivors (3072K)
 Metaspace       used 65199K, capacity 67046K, committed 67408K, reserved 1107968K
  class space    used 8276K, capacity 9012K, committed 9136K, reserved 1048576K
}
Event: 13.789 GC heap before
{Heap before GC invocations=19 (full 0):
 garbage-first heap   total 118784K, used 87274K [0x00000000a2200000, 0x0000000100000000)
  region size 1024K, 57 young (58368K), 3 survivors (3072K)
 Metaspace       used 66828K, capacity 68696K, committed 68944K, reserved 1110016K
  class space    used 8529K, capacity 9304K, committed 9392K, reserved 1048576K
}
Event: 13.798 GC heap after
{Heap after GC invocations=20 (full 0):
 garbage-first heap   total 118784K, used 33832K [0x00000000a2200000, 0x0000000100000000)
  region size 1024K, 5 young (5120K), 5 survivors (5120K)
 Metaspace       used 66828K, capacity 68696K, committed 68944K, reserved 1110016K
  class space    used 8529K, capacity 9304K, committed 9392K, reserved 1048576K
}
Event: 16.268 GC heap before
{Heap before GC invocations=20 (full 0):
 garbage-first heap   total 118784K, used 89128K [0x00000000a2200000, 0x0000000100000000)
  region size 1024K, 59 young (60416K), 5 survivors (5120K)
 Metaspace       used 70353K, capacity 72315K, committed 72400K, reserved 1112064K
  class space    used 8938K, capacity 9751K, committed 9776K, reserved 1048576K
}
Event: 16.281 GC heap after
{Heap after GC invocations=21 (full 0):
 garbage-first heap   total 143360K, used 36787K [0x00000000a2200000, 0x0000000100000000)
  region size 1024K, 6 young (6144K), 6 survivors (6144K)
 Metaspace       used 70353K, capacity 72315K, committed 72400K, reserved 1112064K
  class space    used 8938K, capacity 9751K, committed 9776K, reserved 1048576K
}

Deoptimization events (10 events):
Event: 13.856 Thread 0x000002953bdd7800 Uncommon trap: reason=class_check action=maybe_recompile pc=0x000002954b338784 method=org.springframework.core.ResolvableType.resolveType()Lorg/springframework/core/ResolvableType; @ 131 c2
Event: 13.912 Thread 0x000002953bdd7800 Uncommon trap: reason=class_check action=maybe_recompile pc=0x000002954b338784 method=org.springframework.core.ResolvableType.resolveType()Lorg/springframework/core/ResolvableType; @ 131 c2
Event: 14.342 Thread 0x000002953bdd7800 Uncommon trap: reason=unstable_if action=reinterpret pc=0x000002954b225a0c method=java.util.Properties.loadConvert([CIILjava/lang/StringBuilder;)Ljava/lang/String; @ 475 c2
Event: 15.668 Thread 0x000002953bdd7800 Uncommon trap: reason=unstable_if action=reinterpret pc=0x000002954b3a7734 method=java.util.Properties.loadConvert([CIILjava/lang/StringBuilder;)Ljava/lang/String; @ 105 c2
Event: 16.092 Thread 0x000002953bdd7800 Uncommon trap: reason=null_check action=make_not_entrant pc=0x000002954b3448b8 method=java.net.URL.getURLStreamHandler(Ljava/lang/String;)Ljava/net/URLStreamHandler; @ 7 c2
Event: 16.100 Thread 0x000002953bdd7800 Uncommon trap: reason=class_check action=maybe_recompile pc=0x000002954b12e0f8 method=java.util.zip.InflaterInputStream.read([BII)I @ 100 c2
Event: 16.101 Thread 0x000002953bdd7800 Uncommon trap: reason=class_check action=maybe_recompile pc=0x000002954b12e0f8 method=java.util.zip.InflaterInputStream.read([BII)I @ 100 c2
Event: 16.104 Thread 0x000002953bdd7800 Uncommon trap: reason=class_check action=maybe_recompile pc=0x000002954b12e0f8 method=java.util.zip.InflaterInputStream.read([BII)I @ 100 c2
Event: 16.104 Thread 0x000002953bdd7800 Uncommon trap: reason=class_check action=maybe_recompile pc=0x000002954b12e0f8 method=java.util.zip.InflaterInputStream.read([BII)I @ 100 c2
Event: 16.329 Thread 0x000002953bdd7800 Uncommon trap: reason=unstable_if action=reinterpret pc=0x000002954b2656fc method=java.util.jar.JarFile.getManifestFromReference()Ljava/util/jar/Manifest; @ 39 c2

Classes redefined (0 events):
No events

Internal exceptions (10 events):
Event: 16.437 Thread 0x000002953bdd7800 Exception <a 'java/lang/ClassNotFoundException'{0x00000000aa171ff0}: org/springframework/beans/factory/InitializingBeanCustomizer> (0x00000000aa171ff0) thrown at [./open/src/hotspot/share/classfile/systemDictionary.cpp, line 226]
Event: 16.438 Thread 0x000002953bdd7800 Exception <a 'java/lang/ClassNotFoundException'{0x00000000aa18c0a0}: org/springframework/beans/factory/DisposableBeanCustomizer> (0x00000000aa18c0a0) thrown at [./open/src/hotspot/share/classfile/systemDictionary.cpp, line 226]
Event: 16.440 Thread 0x000002953bdd7800 Exception <a 'java/lang/ClassNotFoundException'{0x00000000aa1afd68}: java/lang/ObjectCustomizer> (0x00000000aa1afd68) thrown at [./open/src/hotspot/share/classfile/systemDictionary.cpp, line 226]
Event: 16.441 Thread 0x000002953bdd7800 Exception <a 'java/lang/ClassNotFoundException'{0x00000000aa1cc558}: org/springframework/web/filter/GenericFilterBeanCustomizer> (0x00000000aa1cc558) thrown at [./open/src/hotspot/share/classfile/systemDictionary.cpp, line 226]
Event: 16.442 Thread 0x000002953bdd7800 Exception <a 'java/lang/ClassNotFoundException'{0x00000000aa1eaed8}: org/springframework/web/filter/OncePerRequestFilterCustomizer> (0x00000000aa1eaed8) thrown at [./open/src/hotspot/share/classfile/systemDictionary.cpp, line 226]
Event: 16.445 Thread 0x000002953bdd7800 Exception <a 'java/lang/ClassNotFoundException'{0x00000000aa007678}: org/springframework/web/filter/CharacterEncodingFilterCustomizer> (0x00000000aa007678) thrown at [./open/src/hotspot/share/classfile/systemDictionary.cpp, line 226]
Event: 16.447 Thread 0x000002953bdd7800 Exception <a 'java/lang/ClassNotFoundException'{0x00000000aa02ac38}: org/springframework/boot/web/servlet/filter/OrderedCharacterEncodingFilterCustomizer> (0x00000000aa02ac38) thrown at [./open/src/hotspot/share/classfile/systemDictionary.cpp, line 226]
Event: 16.448 Thread 0x000002953bdd7800 Exception <a 'java/lang/ClassNotFoundException'{0x00000000aa04ed78}: org/springframework/boot/web/servlet/filter/OrderedFilterCustomizer> (0x00000000aa04ed78) thrown at [./open/src/hotspot/share/classfile/systemDictionary.cpp, line 226]
Event: 16.449 Thread 0x000002953bdd7800 Exception <a 'java/lang/ClassNotFoundException'{0x00000000aa063220}: javax/servlet/FilterCustomizer> (0x00000000aa063220) thrown at [./open/src/hotspot/share/classfile/systemDictionary.cpp, line 226]
Event: 16.449 Thread 0x000002953bdd7800 Exception <a 'java/lang/ClassNotFoundException'{0x00000000aa07ab68}: org/springframework/core/OrderedCustomizer> (0x00000000aa07ab68) thrown at [./open/src/hotspot/share/classfile/systemDictionary.cpp, line 226]

Events (10 events):
Event: 16.449 loading class org/springframework/core/OrderedCustomizer
Event: 16.449 loading class org/springframework/core/OrderedCustomizer done
Event: 16.449 loading class org/springframework/core/OrderedCustomizer
Event: 16.449 loading class org/springframework/core/OrderedCustomizer done
Event: 16.449 loading class org/springframework/core/OrderedCustomizer
Event: 16.449 loading class org/springframework/core/OrderedCustomizer done
Event: 16.450 loading class javax/servlet/FilterCustomizer
Event: 16.450 loading class javax/servlet/FilterCustomizer done
Event: 16.450 loading class javax/servlet/FilterCustomizer
Event: 16.450 loading class javax/servlet/FilterCustomizer done


Dynamic libraries:
0x00007ff62d6b0000 - 0x00007ff62d6c0000 	C:\Program Files\Java\jdk-11\bin\java.exe
0x00007ffd48d30000 - 0x00007ffd48f47000 	C:\WINDOWS\SYSTEM32\ntdll.dll
0x00007ffd48580000 - 0x00007ffd48644000 	C:\WINDOWS\System32\KERNEL32.DLL
0x00007ffd463d0000 - 0x00007ffd46776000 	C:\WINDOWS\System32\KERNELBASE.dll
0x00007ffd46820000 - 0x00007ffd46931000 	C:\WINDOWS\System32\ucrtbase.dll
0x00007ffd3c580000 - 0x00007ffd3c59b000 	C:\Program Files\Java\jdk-11\bin\VCRUNTIME140.dll
0x00007ffd36100000 - 0x00007ffd36119000 	C:\Program Files\Java\jdk-11\bin\jli.dll
0x00007ffd484c0000 - 0x00007ffd48571000 	C:\WINDOWS\System32\ADVAPI32.dll
0x00007ffd46eb0000 - 0x00007ffd46f57000 	C:\WINDOWS\System32\msvcrt.dll
0x00007ffd46a90000 - 0x00007ffd46b35000 	C:\WINDOWS\System32\sechost.dll
0x00007ffd47e70000 - 0x00007ffd47f87000 	C:\WINDOWS\System32\RPCRT4.dll
0x00007ffd48950000 - 0x00007ffd48afe000 	C:\WINDOWS\System32\USER32.dll
0x00007ffd463a0000 - 0x00007ffd463c6000 	C:\WINDOWS\System32\win32u.dll
0x00007ffd47f90000 - 0x00007ffd47fb9000 	C:\WINDOWS\System32\GDI32.dll
0x00007ffd460a0000 - 0x00007ffd461b8000 	C:\WINDOWS\System32\gdi32full.dll
0x00007ffd46780000 - 0x00007ffd4681a000 	C:\WINDOWS\System32\msvcp_win.dll
0x00007ffd2e420000 - 0x00007ffd2e6b3000 	C:\WINDOWS\WinSxS\amd64_microsoft.windows.common-controls_6595b64144ccf1df_6.0.22621.2506_none_270c5ae97388e100\COMCTL32.dll
0x00007ffd3cee0000 - 0x00007ffd3ceea000 	C:\WINDOWS\SYSTEM32\VERSION.dll
0x00007ffd47e20000 - 0x00007ffd47e51000 	C:\WINDOWS\System32\IMM32.DLL
0x00007ffd2f3e0000 - 0x00007ffd2f3ec000 	C:\Program Files\Java\jdk-11\bin\vcruntime140_1.dll
0x00007ffd2f350000 - 0x00007ffd2f3de000 	C:\Program Files\Java\jdk-11\bin\msvcp140.dll
0x00007ffcb8e90000 - 0x00007ffcb99fc000 	C:\Program Files\Java\jdk-11\bin\server\jvm.dll
0x00007ffd48ce0000 - 0x00007ffd48ce8000 	C:\WINDOWS\System32\PSAPI.DLL
0x00007ffd2f820000 - 0x00007ffd2f829000 	C:\WINDOWS\SYSTEM32\WSOCK32.dll
0x00007ffd3ff00000 - 0x00007ffd3ff34000 	C:\WINDOWS\SYSTEM32\WINMM.dll
0x00007ffd47d10000 - 0x00007ffd47d81000 	C:\WINDOWS\System32\WS2_32.dll
0x00007ffd45070000 - 0x00007ffd45088000 	C:\WINDOWS\SYSTEM32\kernel.appcore.dll
0x00007ffd2f340000 - 0x00007ffd2f350000 	C:\Program Files\Java\jdk-11\bin\verify.dll
0x00007ffd43a70000 - 0x00007ffd43ca3000 	C:\WINDOWS\SYSTEM32\DBGHELP.DLL
0x00007ffd48130000 - 0x00007ffd484b9000 	C:\WINDOWS\System32\combase.dll
0x00007ffd486d0000 - 0x00007ffd487a7000 	C:\WINDOWS\System32\OLEAUT32.dll
0x00007ffd3d570000 - 0x00007ffd3d5a2000 	C:\WINDOWS\SYSTEM32\dbgcore.DLL
0x00007ffd46940000 - 0x00007ffd469ba000 	C:\WINDOWS\System32\bcryptPrimitives.dll
0x00007ffd2f180000 - 0x00007ffd2f1a8000 	C:\Program Files\Java\jdk-11\bin\java.dll
0x00007ffd2f330000 - 0x00007ffd2f33a000 	C:\Program Files\Java\jdk-11\bin\jimage.dll
0x00007ffd2f1f0000 - 0x00007ffd2f207000 	C:\Program Files\Java\jdk-11\bin\zip.dll
0x00007ffd47430000 - 0x00007ffd47c8a000 	C:\WINDOWS\System32\SHELL32.dll
0x00007ffd43f70000 - 0x00007ffd44866000 	C:\WINDOWS\SYSTEM32\windows.storage.dll
0x00007ffd43e30000 - 0x00007ffd43f6e000 	C:\WINDOWS\SYSTEM32\wintypes.dll
0x00007ffd46db0000 - 0x00007ffd46ea3000 	C:\WINDOWS\System32\SHCORE.dll
0x00007ffd46ca0000 - 0x00007ffd46cfe000 	C:\WINDOWS\System32\shlwapi.dll
0x00007ffd45fd0000 - 0x00007ffd45ff6000 	C:\WINDOWS\SYSTEM32\profapi.dll
0x00007ffd22820000 - 0x00007ffd22839000 	C:\Program Files\Java\jdk-11\bin\net.dll
0x00007ffd404f0000 - 0x00007ffd40627000 	C:\WINDOWS\SYSTEM32\WINHTTP.dll
0x00007ffd45520000 - 0x00007ffd45589000 	C:\WINDOWS\system32\mswsock.dll
0x00007ffd224d0000 - 0x00007ffd224e2000 	C:\Program Files\Java\jdk-11\bin\nio.dll
0x00007ffd2a3b0000 - 0x00007ffd2a3b9000 	C:\Program Files\Java\jdk-11\bin\management.dll
0x00007ffd29030000 - 0x00007ffd2903b000 	C:\Program Files\Java\jdk-11\bin\management_ext.dll
0x00007ffd190a0000 - 0x00007ffd190b7000 	C:\WINDOWS\system32\napinsp.dll
0x00007ffd19080000 - 0x00007ffd1909b000 	C:\WINDOWS\system32\pnrpnsp.dll
0x00007ffd44b40000 - 0x00007ffd44c39000 	C:\WINDOWS\SYSTEM32\DNSAPI.dll
0x00007ffd44ad0000 - 0x00007ffd44afd000 	C:\WINDOWS\SYSTEM32\IPHLPAPI.DLL
0x00007ffd47e60000 - 0x00007ffd47e69000 	C:\WINDOWS\System32\NSI.dll
0x00007ffd19060000 - 0x00007ffd19071000 	C:\WINDOWS\System32\winrnr.dll
0x00007ffd19040000 - 0x00007ffd19055000 	C:\WINDOWS\system32\wshbth.dll
0x00007ffd19010000 - 0x00007ffd19031000 	C:\WINDOWS\system32\nlansp_c.dll
0x00007ffd3f040000 - 0x00007ffd3f04a000 	C:\Windows\System32\rasadhlp.dll
0x00007ffd3fdf0000 - 0x00007ffd3fe73000 	C:\WINDOWS\System32\fwpuclnt.dll
0x00007ffd45770000 - 0x00007ffd4578b000 	C:\WINDOWS\SYSTEM32\CRYPTSP.dll
0x00007ffd44fd0000 - 0x00007ffd45005000 	C:\WINDOWS\system32\rsaenh.dll
0x00007ffd45610000 - 0x00007ffd4563c000 	C:\WINDOWS\SYSTEM32\USERENV.dll
0x00007ffd459d0000 - 0x00007ffd459f8000 	C:\WINDOWS\SYSTEM32\bcrypt.dll
0x00007ffd45790000 - 0x00007ffd4579c000 	C:\WINDOWS\SYSTEM32\CRYPTBASE.dll
0x00007ffd407f0000 - 0x00007ffd40809000 	C:\WINDOWS\SYSTEM32\dhcpcsvc6.DLL
0x00007ffd402a0000 - 0x00007ffd402bf000 	C:\WINDOWS\SYSTEM32\dhcpcsvc.DLL
0x00007ffd224a0000 - 0x00007ffd224c7000 	C:\Program Files\Java\jdk-11\bin\sunec.dll
0x00007ffd2ed90000 - 0x00007ffd2ed9d000 	C:\Program Files\Java\jdk-11\bin\sunmscapi.dll
0x00007ffd461c0000 - 0x00007ffd46326000 	C:\WINDOWS\System32\CRYPT32.dll
0x00007ffd459a0000 - 0x00007ffd459cd000 	C:\WINDOWS\SYSTEM32\ncrypt.dll
0x00007ffd45960000 - 0x00007ffd45997000 	C:\WINDOWS\SYSTEM32\NTASN1.dll

dbghelp: loaded successfully - version: 4.0.5 - missing functions: none
symbol engine: initialized successfully - sym options: 0x614 - pdb path: .;C:\Program Files\Java\jdk-11\bin;C:\WINDOWS\SYSTEM32;C:\WINDOWS\WinSxS\amd64_microsoft.windows.common-controls_6595b64144ccf1df_6.0.22621.2506_none_270c5ae97388e100;C:\Program Files\Java\jdk-11\bin\server

VM Arguments:
java_command: C:\Users\pedro\AppData\Local\Temp\surefire6712933814265001433\surefirebooter15984716491245419301.jar C:\Users\pedro\AppData\Local\Temp\surefire6712933814265001433 2023-12-30T22-34-35_661-jvmRun1 surefire469910622851830287tmp surefire_03528695317554924053tmp
java_class_path (initial): C:\Users\pedro\AppData\Local\Temp\surefire6712933814265001433\surefirebooter15984716491245419301.jar
Launcher Type: SUN_STANDARD

[Global flags]
     intx CICompilerCount                          = 12                                        {product} {ergonomic}
     uint ConcGCThreads                            = 3                                         {product} {ergonomic}
     uint G1ConcRefinementThreads                  = 13                                        {product} {ergonomic}
   size_t G1HeapRegionSize                         = 1048576                                   {product} {ergonomic}
    uintx GCDrainStackTargetSize                   = 64                                        {product} {ergonomic}
   size_t InitialHeapSize                          = 98566144                                  {product} {ergonomic}
   size_t MarkStackSize                            = 4194304                                   {product} {ergonomic}
   size_t MaxHeapSize                              = 1574961152                                {product} {ergonomic}
   size_t MaxNewSize                               = 944766976                                 {product} {ergonomic}
   size_t MinHeapDeltaBytes                        = 1048576                                   {product} {ergonomic}
    uintx NonNMethodCodeHeapSize                   = 7594288                                {pd product} {ergonomic}
    uintx NonProfiledCodeHeapSize                  = 122031976                              {pd product} {ergonomic}
    uintx ProfiledCodeHeapSize                     = 122031976                              {pd product} {ergonomic}
    uintx ReservedCodeCacheSize                    = 251658240                              {pd product} {ergonomic}
     bool SegmentedCodeCache                       = true                                      {product} {ergonomic}
     bool UseCompressedClassPointers               = true                                 {lp64_product} {ergonomic}
     bool UseCompressedOops                        = true                                 {lp64_product} {ergonomic}
     bool UseG1GC                                  = true                                      {product} {ergonomic}
     bool UseLargePagesIndividualAllocation        = false                                  {pd product} {ergonomic}

Logging:
Log output configuration:
 #0: stdout all=warning uptime,level,tags
 #1: stderr all=off uptime,level,tags

Environment Variables:
PATH=C:\Program Files\Common Files\Oracle\Java\javapath;C:\WINDOWS\system32;C:\WINDOWS;C:\WINDOWS\System32\Wbem;C:\WINDOWS\System32\WindowsPowerShell\v1.0\;C:\WINDOWS\System32\OpenSSH\;C:\Program Files\Docker\Docker\resources\bin;C:\Program Files\Git\cmd;C:\minikube;%NVM_HOME%;%NVM_SYMLINK%;C:\Users\pedro\AppData\Local\Microsoft\WindowsApps;C:\Users\pedro\AppData\Local\Programs\Microsoft VS Code\bin;C:\Users\pedro\AppData\Roaming\npm;C:\Users\pedro\AppData\Roaming\nvm;C:\Program Files\nodejs
USERNAME=pedro
OS=Windows_NT
PROCESSOR_IDENTIFIER=AMD64 Family 23 Model 104 Stepping 1, AuthenticAMD



---------------  S Y S T E M  ---------------

OS: Windows 11 , 64 bit Build 22621 (10.0.22621.2506)
Hyper-V role detected

CPU:total 16 (initial active 16) (16 cores per cpu, 2 threads per core) family 23 model 104 stepping 1 microcode 0x0, cmov, cx8, fxsr, mmx, sse, sse2, sse3, ssse3, sse4.1, sse4.2, popcnt, avx, avx2, aes, clmul, mmxext, 3dnowpref, lzcnt, sse4a, ht, tsc, tscinvbit, tscinv, bmi1, bmi2, adx,

Memory: 4k page, system-wide physical 6005M (301M free)
TotalPageFile size 24437M (AvailPageFile size 7M)
current process WorkingSet (physical memory assigned to process): 315M, peak: 315M
current process commit charge ("private bytes"): 375M, peak: 376M

vm_info: Java HotSpot(TM) 64-Bit Server VM (11.0.19+9-LTS-224) for windows-amd64 JRE (11.0.19+9-LTS-224), built on Mar 27 2023 08:48:55 by "mach5one" with MS VC++ 17.1 (VS2022)

END.
